<testsuites>
  <testsuite name="API Tests" tests="3" failures="1" errors="0" skipped="1" time="1.5">
    <testcase name="Health Check" classname="api.health" time="0.5" />
    <testcase name="Login" classname="api.auth" time="0.8">
      <failure message="Invalid credentials" />
    </testcase>
    <testcase name="Logout" classname="api.auth" time="0.2">
      <skipped />
    </testcase>
  </testsuite>
  <testsuite name="GUI Tests" tests="2" failures="0" errors="1" skipped="0" time="5.2">
    <testcase name="Dashboard Render" classname="gui.dashboard" time="3.0" />
    <testcase name="Sidebar Navigation" classname="gui.nav" time="2.2">
      <error message="Element not found" />
    </testcase>
  </testsuite>
</testsuites>
